======================================================================
  COMPREHENSIVE API TEST SUITE (Pytest)
======================================================================
Running: pytest test_health_api.py test_authentication_api.py test_announcements_api.py test_holidays_api.py test_attendance_api.py test_departments_api.py test_dashboard_api.py test_employees_api.py test_feedback_api.py test_jobs_listings_api.py test_goals_api.py test_leaves_api.py test_applications_api.py test_organization_api.py test_payslips_api.py test_policies_api.py test_profile_api.py test_team_requests_api.py test_skills_api.py -v --tb=short --color=yes -ra
Timestamp: 2025-11-26T20:41:15
======================================================================

[1m============================= test session starts ==============================[0m
platform darwin -- Python 3.11.0, pytest-7.4.3, pluggy-1.6.0 -- /Users/harshrohitshah/WebstormProjects/soft-engg-project-sep-2025-se-SEP-11/.venv/bin/python3
cachedir: .pytest_cache
rootdir: /Users/harshrohitshah/WebstormProjects/soft-engg-project-sep-2025-se-SEP-11
configfile: pytest.ini
plugins: asyncio-0.21.1, anyio-3.7.1
asyncio: mode=Mode.STRICT
[1mcollecting ... [0mcollected 302 items

test_health_api.py::TestHealthAPI::test_root_endpoint [32mPASSED[0m[32m             [  0%][0m
test_health_api.py::TestHealthAPI::test_health_endpoint [32mPASSED[0m[32m           [  0%][0m
test_health_api.py::TestHealthAPI::test_api_v1_root [32mPASSED[0m[32m               [  0%][0m
test_health_api.py::TestHealthAPI::test_swagger_ui [32mPASSED[0m[32m                [  1%][0m
test_health_api.py::TestHealthAPI::test_redoc [32mPASSED[0m[32m                     [  1%][0m
test_health_api.py::TestHealthAPI::test_openapi_json [32mPASSED[0m[32m              [  1%][0m
test_health_api.py::TestHealthAPI::test_404_handling [32mPASSED[0m[32m              [  2%][0m
test_authentication_api.py::TestAuthenticationAPI::test_hr_login [32mPASSED[0m[32m  [  2%][0m
test_authentication_api.py::TestAuthenticationAPI::test_manager_login [32mPASSED[0m[32m [  2%][0m
test_authentication_api.py::TestAuthenticationAPI::test_employee_login [32mPASSED[0m[32m [  3%][0m
test_authentication_api.py::TestAuthenticationAPI::test_login_invalid_email [32mPASSED[0m[32m [  3%][0m
test_authentication_api.py::TestAuthenticationAPI::test_login_wrong_password [32mPASSED[0m[32m [  3%][0m
test_authentication_api.py::TestAuthenticationAPI::test_login_missing_field [32mPASSED[0m[32m [  4%][0m
test_authentication_api.py::TestAuthenticationAPI::test_get_current_user [32mPASSED[0m[32m [  4%][0m
test_authentication_api.py::TestAuthenticationAPI::test_get_current_user_no_token [32mPASSED[0m[32m [  4%][0m
test_authentication_api.py::TestAuthenticationAPI::test_get_current_user_invalid_token [32mPASSED[0m[32m [  5%][0m
test_authentication_api.py::TestAuthenticationAPI::test_refresh_token [32mPASSED[0m[32m [  5%][0m
test_authentication_api.py::TestAuthenticationAPI::test_refresh_token_invalid [32mPASSED[0m[32m [  5%][0m
test_authentication_api.py::TestAuthenticationAPI::test_change_password [32mPASSED[0m[32m [  6%][0m
test_authentication_api.py::TestAuthenticationAPI::test_change_password_wrong_current [32mPASSED[0m[32m [  6%][0m
test_authentication_api.py::TestAuthenticationAPI::test_reset_password_by_hr [32mPASSED[0m[32m [  6%][0m
test_authentication_api.py::TestAuthenticationAPI::test_reset_password_by_manager [32mPASSED[0m[32m [  7%][0m
test_authentication_api.py::TestAuthenticationAPI::test_reset_password_employee_forbidden [32mPASSED[0m[32m [  7%][0m
test_authentication_api.py::TestAuthenticationAPI::test_logout [32mPASSED[0m[32m    [  7%][0m
test_announcements_api.py::TestAnnouncementsAPI::test_create_announcement [32mPASSED[0m[32m [  8%][0m
test_announcements_api.py::TestAnnouncementsAPI::test_create_announcement_employee_forbidden [32mPASSED[0m[32m [  8%][0m
test_announcements_api.py::TestAnnouncementsAPI::test_get_all_announcements [32mPASSED[0m[32m [  8%][0m
test_announcements_api.py::TestAnnouncementsAPI::test_get_announcement_by_id [32mPASSED[0m[32m [  9%][0m
test_announcements_api.py::TestAnnouncementsAPI::test_get_nonexistent_announcement [32mPASSED[0m[32m [  9%][0m
test_announcements_api.py::TestAnnouncementsAPI::test_update_announcement [32mPASSED[0m[32m [  9%][0m
test_announcements_api.py::TestAnnouncementsAPI::test_update_announcement_employee_forbidden [32mPASSED[0m[32m [ 10%][0m
test_announcements_api.py::TestAnnouncementsAPI::test_get_statistics [32mPASSED[0m[32m [ 10%][0m
test_announcements_api.py::TestAnnouncementsAPI::test_employee_can_view_announcements [32mPASSED[0m[32m [ 10%][0m
test_announcements_api.py::TestAnnouncementsAPI::test_create_urgent_announcement [32mPASSED[0m[32m [ 11%][0m
test_announcements_api.py::TestAnnouncementsAPI::test_soft_delete_announcement [32mPASSED[0m[32m [ 11%][0m
test_announcements_api.py::TestAnnouncementsAPI::test_delete_announcement_employee_forbidden [32mPASSED[0m[32m [ 11%][0m
test_holidays_api.py::TestHolidaysAPI::test_create_holiday [32mPASSED[0m[32m        [ 12%][0m
test_holidays_api.py::TestHolidaysAPI::test_create_holiday_employee_forbidden [32mPASSED[0m[32m [ 12%][0m
test_holidays_api.py::TestHolidaysAPI::test_get_all_holidays [32mPASSED[0m[32m      [ 12%][0m
test_holidays_api.py::TestHolidaysAPI::test_get_holiday_by_id [32mPASSED[0m[32m     [ 13%][0m
test_holidays_api.py::TestHolidaysAPI::test_get_nonexistent_holiday [32mPASSED[0m[32m [ 13%][0m
test_holidays_api.py::TestHolidaysAPI::test_get_upcoming_holidays [32mPASSED[0m[32m [ 13%][0m
test_holidays_api.py::TestHolidaysAPI::test_get_holiday_stats [32mPASSED[0m[32m     [ 14%][0m
test_holidays_api.py::TestHolidaysAPI::test_get_stats_employee_forbidden [32mPASSED[0m[32m [ 14%][0m
test_holidays_api.py::TestHolidaysAPI::test_update_holiday [32mPASSED[0m[32m        [ 14%][0m
test_holidays_api.py::TestHolidaysAPI::test_update_holiday_employee_forbidden [32mPASSED[0m[32m [ 15%][0m
test_holidays_api.py::TestHolidaysAPI::test_filter_by_type [32mPASSED[0m[32m        [ 15%][0m
test_holidays_api.py::TestHolidaysAPI::test_filter_by_year [32mPASSED[0m[32m        [ 15%][0m
test_holidays_api.py::TestHolidaysAPI::test_delete_holiday [32mPASSED[0m[32m        [ 16%][0m
test_holidays_api.py::TestHolidaysAPI::test_delete_holiday_employee_forbidden [32mPASSED[0m[32m [ 16%][0m
test_attendance_api.py::TestAttendanceAPI::test_punch_in [32mPASSED[0m[32m          [ 16%][0m
test_attendance_api.py::TestAttendanceAPI::test_punch_in_wfh [32mPASSED[0m[32m      [ 17%][0m
test_attendance_api.py::TestAttendanceAPI::test_get_today_attendance [32mPASSED[0m[32m [ 17%][0m
test_attendance_api.py::TestAttendanceAPI::test_punch_out [31mFAILED[0m[31m         [ 17%][0m
test_attendance_api.py::TestAttendanceAPI::test_get_my_attendance_history [32mPASSED[0m[31m [ 18%][0m
test_attendance_api.py::TestAttendanceAPI::test_filter_attendance_by_status [32mPASSED[0m[31m [ 18%][0m
test_attendance_api.py::TestAttendanceAPI::test_filter_attendance_by_date_range [32mPASSED[0m[31m [ 18%][0m
test_attendance_api.py::TestAttendanceAPI::test_get_my_attendance_summary [32mPASSED[0m[31m [ 19%][0m
test_attendance_api.py::TestAttendanceAPI::test_get_team_attendance [32mPASSED[0m[31m [ 19%][0m
test_attendance_api.py::TestAttendanceAPI::test_get_team_attendance_specific_date [32mPASSED[0m[31m [ 19%][0m
test_attendance_api.py::TestAttendanceAPI::test_get_team_attendance_employee_forbidden [32mPASSED[0m[31m [ 20%][0m
test_attendance_api.py::TestAttendanceAPI::test_get_all_attendance [32mPASSED[0m[31m [ 20%][0m
test_attendance_api.py::TestAttendanceAPI::test_filter_all_attendance_by_department [32mPASSED[0m[31m [ 20%][0m
test_attendance_api.py::TestAttendanceAPI::test_get_all_attendance_employee_forbidden [32mPASSED[0m[31m [ 21%][0m
test_attendance_api.py::TestAttendanceAPI::test_mark_attendance_manually [32mPASSED[0m[31m [ 21%][0m
test_attendance_api.py::TestAttendanceAPI::test_mark_attendance_employee_forbidden [32mPASSED[0m[31m [ 21%][0m
test_attendance_api.py::TestAttendanceAPI::test_delete_attendance_record [32mPASSED[0m[31m [ 22%][0m
test_attendance_api.py::TestAttendanceAPI::test_delete_attendance_employee_forbidden [32mPASSED[0m[31m [ 22%][0m
test_departments_api.py::TestDepartmentsAPI::test_create_department [32mPASSED[0m[31m [ 22%][0m
test_departments_api.py::TestDepartmentsAPI::test_create_department_employee_forbidden [32mPASSED[0m[31m [ 23%][0m
test_departments_api.py::TestDepartmentsAPI::test_create_department_manager_forbidden [32mPASSED[0m[31m [ 23%][0m
test_departments_api.py::TestDepartmentsAPI::test_get_all_departments [32mPASSED[0m[31m [ 23%][0m
test_departments_api.py::TestDepartmentsAPI::test_search_departments [32mPASSED[0m[31m [ 24%][0m
test_departments_api.py::TestDepartmentsAPI::test_get_departments_with_pagination [32mPASSED[0m[31m [ 24%][0m
test_departments_api.py::TestDepartmentsAPI::test_get_department_by_id [32mPASSED[0m[31m [ 24%][0m
test_departments_api.py::TestDepartmentsAPI::test_get_department_with_teams [32mPASSED[0m[31m [ 25%][0m
test_departments_api.py::TestDepartmentsAPI::test_get_nonexistent_department [32mPASSED[0m[31m [ 25%][0m
test_departments_api.py::TestDepartmentsAPI::test_get_department_stats [32mPASSED[0m[31m [ 25%][0m
test_departments_api.py::TestDepartmentsAPI::test_get_department_stats_manager [32mPASSED[0m[31m [ 26%][0m
test_departments_api.py::TestDepartmentsAPI::test_get_department_stats_employee_forbidden [32mPASSED[0m[31m [ 26%][0m
test_departments_api.py::TestDepartmentsAPI::test_update_department [32mPASSED[0m[31m [ 26%][0m
test_departments_api.py::TestDepartmentsAPI::test_update_department_employee_forbidden [32mPASSED[0m[31m [ 27%][0m
test_departments_api.py::TestDepartmentsAPI::test_update_department_manager_forbidden [32mPASSED[0m[31m [ 27%][0m
test_departments_api.py::TestDepartmentsAPI::test_delete_department [32mPASSED[0m[31m [ 27%][0m
test_departments_api.py::TestDepartmentsAPI::test_delete_department_employee_forbidden [32mPASSED[0m[31m [ 28%][0m
test_dashboard_api.py::TestDashboardAPI::test_get_hr_dashboard [32mPASSED[0m[31m    [ 28%][0m
test_dashboard_api.py::TestDashboardAPI::test_get_hr_dashboard_employee_forbidden [32mPASSED[0m[31m [ 28%][0m
test_dashboard_api.py::TestDashboardAPI::test_get_hr_dashboard_manager_forbidden [32mPASSED[0m[31m [ 29%][0m
test_dashboard_api.py::TestDashboardAPI::test_get_manager_dashboard [32mPASSED[0m[31m [ 29%][0m
test_dashboard_api.py::TestDashboardAPI::test_get_manager_dashboard_employee_forbidden [32mPASSED[0m[31m [ 29%][0m
test_dashboard_api.py::TestDashboardAPI::test_get_manager_dashboard_hr_forbidden [32mPASSED[0m[31m [ 30%][0m
test_dashboard_api.py::TestDashboardAPI::test_get_employee_dashboard [32mPASSED[0m[31m [ 30%][0m
test_dashboard_api.py::TestDashboardAPI::test_get_employee_dashboard_hr_forbidden [32mPASSED[0m[31m [ 30%][0m
test_dashboard_api.py::TestDashboardAPI::test_get_employee_dashboard_manager_forbidden [32mPASSED[0m[31m [ 31%][0m
test_dashboard_api.py::TestDashboardAPI::test_get_my_dashboard_hr [32mPASSED[0m[31m [ 31%][0m
test_dashboard_api.py::TestDashboardAPI::test_get_my_dashboard_manager [32mPASSED[0m[31m [ 31%][0m
test_dashboard_api.py::TestDashboardAPI::test_get_my_dashboard_employee [32mPASSED[0m[31m [ 32%][0m
test_dashboard_api.py::TestDashboardAPI::test_get_my_performance [31mFAILED[0m[31m  [ 32%][0m
test_dashboard_api.py::TestDashboardAPI::test_get_my_performance_custom_months [31mFAILED[0m[31m [ 32%][0m
test_dashboard_api.py::TestDashboardAPI::test_get_employee_performance_own [32mPASSED[0m[31m [ 33%][0m
test_dashboard_api.py::TestDashboardAPI::test_get_employee_performance_other_forbidden [32mPASSED[0m[31m [ 33%][0m
test_dashboard_api.py::TestDashboardAPI::test_hr_can_view_any_performance [32mPASSED[0m[31m [ 33%][0m
test_employees_api.py::TestEmployeesAPI::test_create_employee [32mPASSED[0m[31m     [ 34%][0m
test_employees_api.py::TestEmployeesAPI::test_create_employee_manager_forbidden [32mPASSED[0m[31m [ 34%][0m
test_employees_api.py::TestEmployeesAPI::test_create_employee_employee_forbidden [32mPASSED[0m[31m [ 34%][0m
test_employees_api.py::TestEmployeesAPI::test_get_all_employees [32mPASSED[0m[31m   [ 35%][0m
test_employees_api.py::TestEmployeesAPI::test_search_employees [32mPASSED[0m[31m    [ 35%][0m
test_employees_api.py::TestEmployeesAPI::test_filter_employees_by_department [32mPASSED[0m[31m [ 35%][0m
test_employees_api.py::TestEmployeesAPI::test_filter_employees_by_role [32mPASSED[0m[31m [ 36%][0m
test_employees_api.py::TestEmployeesAPI::test_filter_employees_by_active_status [32mPASSED[0m[31m [ 36%][0m
test_employees_api.py::TestEmployeesAPI::test_get_all_employees_employee_forbidden [32mPASSED[0m[31m [ 36%][0m
test_employees_api.py::TestEmployeesAPI::test_get_employee_stats [32mPASSED[0m[31m  [ 37%][0m
test_employees_api.py::TestEmployeesAPI::test_get_employee_stats_employee_forbidden [32mPASSED[0m[31m [ 37%][0m
test_employees_api.py::TestEmployeesAPI::test_get_employee_by_id [32mPASSED[0m[31m  [ 37%][0m
test_employees_api.py::TestEmployeesAPI::test_get_nonexistent_employee [32mPASSED[0m[31m [ 38%][0m
test_employees_api.py::TestEmployeesAPI::test_get_employee_by_id_employee_forbidden [32mPASSED[0m[31m [ 38%][0m
test_employees_api.py::TestEmployeesAPI::test_update_employee [32mPASSED[0m[31m     [ 38%][0m
test_employees_api.py::TestEmployeesAPI::test_update_employee_manager_forbidden [32mPASSED[0m[31m [ 39%][0m
test_employees_api.py::TestEmployeesAPI::test_update_employee_employee_forbidden [32mPASSED[0m[31m [ 39%][0m
test_employees_api.py::TestEmployeesAPI::test_deactivate_employee [33mSKIPPED[0m[31m [ 39%][0m
test_employees_api.py::TestEmployeesAPI::test_deactivate_employee_manager_forbidden [33mSKIPPED[0m[31m [ 40%][0m
test_employees_api.py::TestEmployeesAPI::test_deactivate_employee_employee_forbidden [32mPASSED[0m[31m [ 40%][0m
test_feedback_api.py::TestFeedbackAPI::test_create_feedback [32mPASSED[0m[31m       [ 40%][0m
test_feedback_api.py::TestFeedbackAPI::test_create_feedback_employee_forbidden [32mPASSED[0m[31m [ 41%][0m
test_feedback_api.py::TestFeedbackAPI::test_get_my_feedback [32mPASSED[0m[31m       [ 41%][0m
test_feedback_api.py::TestFeedbackAPI::test_get_my_feedback_with_filters [32mPASSED[0m[31m [ 41%][0m
test_feedback_api.py::TestFeedbackAPI::test_get_employee_feedback [32mPASSED[0m[31m [ 42%][0m
test_feedback_api.py::TestFeedbackAPI::test_get_feedback_given [32mPASSED[0m[31m    [ 42%][0m
test_feedback_api.py::TestFeedbackAPI::test_get_feedback_given_employee_forbidden [32mPASSED[0m[31m [ 42%][0m
test_feedback_api.py::TestFeedbackAPI::test_get_all_feedback [32mPASSED[0m[31m      [ 43%][0m
test_feedback_api.py::TestFeedbackAPI::test_get_all_feedback_with_filters [32mPASSED[0m[31m [ 43%][0m
test_feedback_api.py::TestFeedbackAPI::test_get_all_feedback_manager_forbidden [32mPASSED[0m[31m [ 43%][0m
test_feedback_api.py::TestFeedbackAPI::test_get_feedback_by_id [32mPASSED[0m[31m    [ 44%][0m
test_feedback_api.py::TestFeedbackAPI::test_get_nonexistent_feedback [32mPASSED[0m[31m [ 44%][0m
test_feedback_api.py::TestFeedbackAPI::test_update_feedback [32mPASSED[0m[31m       [ 44%][0m
test_feedback_api.py::TestFeedbackAPI::test_update_feedback_employee_forbidden [32mPASSED[0m[31m [ 45%][0m
test_feedback_api.py::TestFeedbackAPI::test_get_feedback_stats [32mPASSED[0m[31m    [ 45%][0m
test_feedback_api.py::TestFeedbackAPI::test_get_feedback_stats_for_employee [32mPASSED[0m[31m [ 45%][0m
test_feedback_api.py::TestFeedbackAPI::test_get_feedback_stats_employee_forbidden [32mPASSED[0m[31m [ 46%][0m
test_feedback_api.py::TestFeedbackAPI::test_delete_feedback [32mPASSED[0m[31m       [ 46%][0m
test_feedback_api.py::TestFeedbackAPI::test_delete_feedback_employee_forbidden [32mPASSED[0m[31m [ 46%][0m
test_jobs_listings_api.py::TestJobListingsAPI::test_create_job [32mPASSED[0m[31m    [ 47%][0m
test_jobs_listings_api.py::TestJobListingsAPI::test_create_job_employee_forbidden [32mPASSED[0m[31m [ 47%][0m
test_jobs_listings_api.py::TestJobListingsAPI::test_create_job_manager_forbidden [32mPASSED[0m[31m [ 47%][0m
test_jobs_listings_api.py::TestJobListingsAPI::test_get_all_jobs [32mPASSED[0m[31m  [ 48%][0m
test_jobs_listings_api.py::TestJobListingsAPI::test_filter_jobs_by_department [32mPASSED[0m[31m [ 48%][0m
test_jobs_listings_api.py::TestJobListingsAPI::test_filter_jobs_by_location [32mPASSED[0m[31m [ 48%][0m
test_jobs_listings_api.py::TestJobListingsAPI::test_search_jobs [32mPASSED[0m[31m   [ 49%][0m
test_jobs_listings_api.py::TestJobListingsAPI::test_filter_jobs_by_active_status [32mPASSED[0m[31m [ 49%][0m
test_jobs_listings_api.py::TestJobListingsAPI::test_get_job_by_id [32mPASSED[0m[31m [ 49%][0m
test_jobs_listings_api.py::TestJobListingsAPI::test_get_nonexistent_job [32mPASSED[0m[31m [ 50%][0m
test_jobs_listings_api.py::TestJobListingsAPI::test_get_job_statistics [32mPASSED[0m[31m [ 50%][0m
test_jobs_listings_api.py::TestJobListingsAPI::test_get_job_statistics_employee_forbidden [32mPASSED[0m[31m [ 50%][0m
test_jobs_listings_api.py::TestJobListingsAPI::test_update_job [32mPASSED[0m[31m    [ 50%][0m
test_jobs_listings_api.py::TestJobListingsAPI::test_update_job_employee_forbidden [32mPASSED[0m[31m [ 51%][0m
test_jobs_listings_api.py::TestJobListingsAPI::test_get_job_applications [32mPASSED[0m[31m [ 51%][0m
test_jobs_listings_api.py::TestJobListingsAPI::test_get_job_applications_employee_forbidden [32mPASSED[0m[31m [ 51%][0m
test_jobs_listings_api.py::TestJobListingsAPI::test_delete_job [32mPASSED[0m[31m    [ 52%][0m
test_jobs_listings_api.py::TestJobListingsAPI::test_delete_job_employee_forbidden [32mPASSED[0m[31m [ 52%][0m
test_goals_api.py::TestGoalsAPI::test_create_goal_manager_assigned [31mFAILED[0m[31m [ 52%][0m
test_goals_api.py::TestGoalsAPI::test_create_personal_goal [31mFAILED[0m[31m        [ 53%][0m
test_goals_api.py::TestGoalsAPI::test_get_my_goals [31mFAILED[0m[31m                [ 53%][0m
test_goals_api.py::TestGoalsAPI::test_filter_my_goals_by_status [31mFAILED[0m[31m   [ 53%][0m
test_goals_api.py::TestGoalsAPI::test_get_team_goals [31mFAILED[0m[31m              [ 54%][0m
test_goals_api.py::TestGoalsAPI::test_get_team_goals_employee_forbidden [32mPASSED[0m[31m [ 54%][0m
test_goals_api.py::TestGoalsAPI::test_get_goal_by_id [33mSKIPPED[0m (Employee
token or goal not available (database not seeded))[31m                       [ 54%][0m
test_goals_api.py::TestGoalsAPI::test_update_goal [33mSKIPPED[0m (Manager token
or goal not available (database not seeded))[31m                             [ 55%][0m
test_goals_api.py::TestGoalsAPI::test_update_goal_status [33mSKIPPED[0m[31m         [ 55%][0m
test_goals_api.py::TestGoalsAPI::test_get_my_goal_stats [31mFAILED[0m[31m           [ 55%][0m
test_goals_api.py::TestGoalsAPI::test_get_team_goal_stats [31mFAILED[0m[31m         [ 56%][0m
test_goals_api.py::TestGoalsAPI::test_get_team_stats_employee_forbidden [32mPASSED[0m[31m [ 56%][0m
test_goals_api.py::TestGoalsAPI::test_create_checkpoint [33mSKIPPED[0m[31m          [ 56%][0m
test_goals_api.py::TestGoalsAPI::test_add_comment [33mSKIPPED[0m (Employee
token or goal not available (database not seeded))[31m                       [ 57%][0m
test_goals_api.py::TestGoalsAPI::test_get_comments [33mSKIPPED[0m (Employee
token or goal not available (database not seeded))[31m                       [ 57%][0m
test_goals_api.py::TestGoalsAPI::test_get_categories [31mFAILED[0m[31m              [ 57%][0m
test_goals_api.py::TestGoalsAPI::test_get_templates [31mFAILED[0m[31m               [ 58%][0m
test_goals_api.py::TestGoalsAPI::test_delete_goal [33mSKIPPED[0m (Could not
create goal for delete test)[31m                                             [ 58%][0m
test_leaves_api.py::TestLeavesAPI::test_apply_for_leave [32mPASSED[0m[31m           [ 58%][0m
test_leaves_api.py::TestLeavesAPI::test_get_my_leave_requests [32mPASSED[0m[31m     [ 59%][0m
test_leaves_api.py::TestLeavesAPI::test_filter_my_leaves_by_status [32mPASSED[0m[31m [ 59%][0m
test_leaves_api.py::TestLeavesAPI::test_filter_my_leaves_by_type [32mPASSED[0m[31m  [ 59%][0m
test_leaves_api.py::TestLeavesAPI::test_get_my_leave_balance [32mPASSED[0m[31m      [ 60%][0m
test_leaves_api.py::TestLeavesAPI::test_get_team_leave_requests [32mPASSED[0m[31m   [ 60%][0m
test_leaves_api.py::TestLeavesAPI::test_get_team_leaves_employee_forbidden [32mPASSED[0m[31m [ 60%][0m
test_leaves_api.py::TestLeavesAPI::test_get_all_leave_requests [32mPASSED[0m[31m    [ 61%][0m
test_leaves_api.py::TestLeavesAPI::test_get_all_leaves_employee_forbidden [32mPASSED[0m[31m [ 61%][0m
test_leaves_api.py::TestLeavesAPI::test_get_employee_leave_balance [32mPASSED[0m[31m [ 61%][0m
test_leaves_api.py::TestLeavesAPI::test_get_leave_by_id [32mPASSED[0m[31m           [ 62%][0m
test_leaves_api.py::TestLeavesAPI::test_update_leave_request [32mPASSED[0m[31m      [ 62%][0m
test_leaves_api.py::TestLeavesAPI::test_approve_leave_request [33mSKIPPED[0m[31m    [ 62%][0m
test_leaves_api.py::TestLeavesAPI::test_reject_leave_request [32mPASSED[0m[31m      [ 63%][0m
test_leaves_api.py::TestLeavesAPI::test_approve_leave_employee_forbidden [32mPASSED[0m[31m [ 63%][0m
test_leaves_api.py::TestLeavesAPI::test_cancel_leave_request [32mPASSED[0m[31m      [ 63%][0m
test_leaves_api.py::TestLeavesAPI::test_get_leave_stats [32mPASSED[0m[31m           [ 64%][0m
test_leaves_api.py::TestLeavesAPI::test_get_leave_stats_employee_forbidden [32mPASSED[0m[31m [ 64%][0m
test_applications_api.py::TestApplicationsAPI::test_create_application [32mPASSED[0m[31m [ 64%][0m
test_applications_api.py::TestApplicationsAPI::test_create_application_public [32mPASSED[0m[31m [ 65%][0m
test_applications_api.py::TestApplicationsAPI::test_get_my_applications [32mPASSED[0m[31m [ 65%][0m
test_applications_api.py::TestApplicationsAPI::test_get_all_applications [32mPASSED[0m[31m [ 65%][0m
test_applications_api.py::TestApplicationsAPI::test_get_all_applications_employee_forbidden [32mPASSED[0m[31m [ 66%][0m
test_applications_api.py::TestApplicationsAPI::test_filter_applications_by_job [32mPASSED[0m[31m [ 66%][0m
test_applications_api.py::TestApplicationsAPI::test_filter_applications_by_status [32mPASSED[0m[31m [ 66%][0m
test_applications_api.py::TestApplicationsAPI::test_search_applications [32mPASSED[0m[31m [ 67%][0m
test_applications_api.py::TestApplicationsAPI::test_get_application_by_id [32mPASSED[0m[31m [ 67%][0m
test_applications_api.py::TestApplicationsAPI::test_get_application_statistics [32mPASSED[0m[31m [ 67%][0m
test_applications_api.py::TestApplicationsAPI::test_get_statistics_employee_forbidden [32mPASSED[0m[31m [ 68%][0m
test_applications_api.py::TestApplicationsAPI::test_update_application_status [32mPASSED[0m[31m [ 68%][0m
test_applications_api.py::TestApplicationsAPI::test_update_status_employee_forbidden [32mPASSED[0m[31m [ 68%][0m
test_applications_api.py::TestApplicationsAPI::test_delete_application [32mPASSED[0m[31m [ 69%][0m
test_applications_api.py::TestApplicationsAPI::test_delete_reviewed_application_forbidden [32mPASSED[0m[31m [ 69%][0m
test_organization_api.py::TestOrganizationAPI::test_get_full_organization_hierarchy [32mPASSED[0m[31m [ 69%][0m
test_organization_api.py::TestOrganizationAPI::test_get_department_hierarchy [32mPASSED[0m[31m [ 70%][0m
test_organization_api.py::TestOrganizationAPI::test_get_nonexistent_department_hierarchy [32mPASSED[0m[31m [ 70%][0m
test_organization_api.py::TestOrganizationAPI::test_get_team_hierarchy [32mPASSED[0m[31m [ 70%][0m
test_organization_api.py::TestOrganizationAPI::test_get_nonexistent_team_hierarchy [32mPASSED[0m[31m [ 71%][0m
test_organization_api.py::TestOrganizationAPI::test_get_my_manager_chain [32mPASSED[0m[31m [ 71%][0m
test_organization_api.py::TestOrganizationAPI::test_get_user_manager_chain [32mPASSED[0m[31m [ 71%][0m
test_organization_api.py::TestOrganizationAPI::test_get_my_reporting_structure [32mPASSED[0m[31m [ 72%][0m
test_organization_api.py::TestOrganizationAPI::test_get_user_reporting_structure [32mPASSED[0m[31m [ 72%][0m
test_organization_api.py::TestOrganizationAPI::test_get_organization_chart [32mPASSED[0m[31m [ 72%][0m
test_organization_api.py::TestOrganizationAPI::test_get_organization_chart_with_root [32mPASSED[0m[31m [ 73%][0m
test_organization_api.py::TestOrganizationAPI::test_hierarchy_requires_authentication [32mPASSED[0m[31m [ 73%][0m
test_organization_api.py::TestOrganizationAPI::test_manager_chain_requires_authentication [32mPASSED[0m[31m [ 73%][0m
test_organization_api.py::TestOrganizationAPI::test_reporting_structure_requires_authentication [32mPASSED[0m[31m [ 74%][0m
test_organization_api.py::TestOrganizationAPI::test_org_chart_requires_authentication [32mPASSED[0m[31m [ 74%][0m
test_payslips_api.py::TestPayslipsAPI::test_create_payslip [32mPASSED[0m[31m        [ 74%][0m
test_payslips_api.py::TestPayslipsAPI::test_create_payslip_employee_forbidden [32mPASSED[0m[31m [ 75%][0m
test_payslips_api.py::TestPayslipsAPI::test_get_my_payslips [32mPASSED[0m[31m       [ 75%][0m
test_payslips_api.py::TestPayslipsAPI::test_filter_my_payslips_by_month [32mPASSED[0m[31m [ 75%][0m
test_payslips_api.py::TestPayslipsAPI::test_filter_my_payslips_by_year [32mPASSED[0m[31m [ 76%][0m
test_payslips_api.py::TestPayslipsAPI::test_get_employee_payslips [32mPASSED[0m[31m [ 76%][0m
test_payslips_api.py::TestPayslipsAPI::test_get_employee_payslips_employee_forbidden [32mPASSED[0m[31m [ 76%][0m
test_payslips_api.py::TestPayslipsAPI::test_get_all_payslips [32mPASSED[0m[31m      [ 77%][0m
test_payslips_api.py::TestPayslipsAPI::test_get_all_payslips_employee_forbidden [32mPASSED[0m[31m [ 77%][0m
test_payslips_api.py::TestPayslipsAPI::test_get_payslip_by_id [32mPASSED[0m[31m     [ 77%][0m
test_payslips_api.py::TestPayslipsAPI::test_update_payslip [32mPASSED[0m[31m        [ 78%][0m
test_payslips_api.py::TestPayslipsAPI::test_update_payslip_employee_forbidden [32mPASSED[0m[31m [ 78%][0m
test_payslips_api.py::TestPayslipsAPI::test_get_payslip_stats [32mPASSED[0m[31m     [ 78%][0m
test_payslips_api.py::TestPayslipsAPI::test_get_payslip_stats_employee_forbidden [32mPASSED[0m[31m [ 79%][0m
test_payslips_api.py::TestPayslipsAPI::test_delete_payslip [32mPASSED[0m[31m        [ 79%][0m
test_payslips_api.py::TestPayslipsAPI::test_delete_payslip_employee_forbidden [32mPASSED[0m[31m [ 79%][0m
test_policies_api.py::TestPoliciesAPI::test_create_policy [32mPASSED[0m[31m         [ 80%][0m
test_policies_api.py::TestPoliciesAPI::test_create_policy_employee_forbidden [32mPASSED[0m[31m [ 80%][0m
test_policies_api.py::TestPoliciesAPI::test_get_all_policies [32mPASSED[0m[31m      [ 80%][0m
test_policies_api.py::TestPoliciesAPI::test_filter_policies_by_category [32mPASSED[0m[31m [ 81%][0m
test_policies_api.py::TestPoliciesAPI::test_get_policy_by_id [32mPASSED[0m[31m      [ 81%][0m
test_policies_api.py::TestPoliciesAPI::test_get_nonexistent_policy [32mPASSED[0m[31m [ 81%][0m
test_policies_api.py::TestPoliciesAPI::test_update_policy [32mPASSED[0m[31m         [ 82%][0m
test_policies_api.py::TestPoliciesAPI::test_update_policy_employee_forbidden [32mPASSED[0m[31m [ 82%][0m
test_policies_api.py::TestPoliciesAPI::test_acknowledge_policy [32mPASSED[0m[31m    [ 82%][0m
test_policies_api.py::TestPoliciesAPI::test_get_policy_acknowledgments [32mPASSED[0m[31m [ 83%][0m
test_policies_api.py::TestPoliciesAPI::test_get_acknowledgments_employee_forbidden [32mPASSED[0m[31m [ 83%][0m
test_policies_api.py::TestPoliciesAPI::test_get_policy_stats [32mPASSED[0m[31m      [ 83%][0m
test_policies_api.py::TestPoliciesAPI::test_get_policy_stats_employee_forbidden [32mPASSED[0m[31m [ 84%][0m
test_policies_api.py::TestPoliciesAPI::test_soft_delete_policy [32mPASSED[0m[31m    [ 84%][0m
test_policies_api.py::TestPoliciesAPI::test_delete_policy_employee_forbidden [32mPASSED[0m[31m [ 84%][0m
test_profile_api.py::TestProfileAPI::test_get_my_profile [32mPASSED[0m[31m          [ 85%][0m
test_profile_api.py::TestProfileAPI::test_get_user_profile [32mPASSED[0m[31m        [ 85%][0m
test_profile_api.py::TestProfileAPI::test_get_user_profile_employee_forbidden [32mPASSED[0m[31m [ 85%][0m
test_profile_api.py::TestProfileAPI::test_update_my_profile [32mPASSED[0m[31m       [ 86%][0m
test_profile_api.py::TestProfileAPI::test_get_my_documents [31mFAILED[0m[31m        [ 86%][0m
test_profile_api.py::TestProfileAPI::test_get_my_manager [31mFAILED[0m[31m          [ 86%][0m
test_profile_api.py::TestProfileAPI::test_get_my_team [31mFAILED[0m[31m             [ 87%][0m
test_profile_api.py::TestProfileAPI::test_get_team_by_manager_id [32mPASSED[0m[31m  [ 87%][0m
test_profile_api.py::TestProfileAPI::test_get_team_by_manager_employee_forbidden [32mPASSED[0m[31m [ 87%][0m
test_profile_api.py::TestProfileAPI::test_get_my_profile_stats [31mFAILED[0m[31m    [ 88%][0m
test_profile_api.py::TestProfileAPI::test_get_user_profile_stats [32mPASSED[0m[31m  [ 88%][0m
test_profile_api.py::TestProfileAPI::test_get_user_stats_employee_forbidden [32mPASSED[0m[31m [ 88%][0m
test_team_requests_api.py::TestTeamRequestsAPI::test_submit_request [31mFAILED[0m[31m [ 89%][0m
test_team_requests_api.py::TestTeamRequestsAPI::test_get_my_requests [31mFAILED[0m[31m [ 89%][0m
test_team_requests_api.py::TestTeamRequestsAPI::test_filter_my_requests_by_type [31mFAILED[0m[31m [ 89%][0m
test_team_requests_api.py::TestTeamRequestsAPI::test_filter_my_requests_by_status [31mFAILED[0m[31m [ 90%][0m
test_team_requests_api.py::TestTeamRequestsAPI::test_get_team_requests [31mFAILED[0m[31m [ 90%][0m
test_team_requests_api.py::TestTeamRequestsAPI::test_get_team_requests_employee_forbidden [32mPASSED[0m[31m [ 90%][0m
test_team_requests_api.py::TestTeamRequestsAPI::test_get_all_requests [31mFAILED[0m[31m [ 91%][0m
test_team_requests_api.py::TestTeamRequestsAPI::test_get_all_requests_employee_forbidden [32mPASSED[0m[31m [ 91%][0m
test_team_requests_api.py::TestTeamRequestsAPI::test_search_all_requests [31mFAILED[0m[31m [ 91%][0m
test_team_requests_api.py::TestTeamRequestsAPI::test_get_request_by_id [33mSKIPPED[0m[31m [ 92%][0m
test_team_requests_api.py::TestTeamRequestsAPI::test_update_request [33mSKIPPED[0m[31m [ 92%][0m
test_team_requests_api.py::TestTeamRequestsAPI::test_approve_request [33mSKIPPED[0m[31m [ 92%][0m
test_team_requests_api.py::TestTeamRequestsAPI::test_reject_request [33mSKIPPED[0m[31m [ 93%][0m
test_team_requests_api.py::TestTeamRequestsAPI::test_approve_request_employee_forbidden [33mSKIPPED[0m[31m [ 93%][0m
test_team_requests_api.py::TestTeamRequestsAPI::test_get_request_statistics [31mFAILED[0m[31m [ 93%][0m
test_team_requests_api.py::TestTeamRequestsAPI::test_delete_request [33mSKIPPED[0m[31m [ 94%][0m
test_skills_api.py::TestSkillsAPI::test_create_skill_module [32mPASSED[0m[31m       [ 94%][0m
test_skills_api.py::TestSkillsAPI::test_create_module_employee_forbidden [32mPASSED[0m[31m [ 94%][0m
test_skills_api.py::TestSkillsAPI::test_get_all_modules [32mPASSED[0m[31m           [ 95%][0m
test_skills_api.py::TestSkillsAPI::test_search_modules [32mPASSED[0m[31m            [ 95%][0m
test_skills_api.py::TestSkillsAPI::test_filter_modules_by_category [32mPASSED[0m[31m [ 95%][0m
test_skills_api.py::TestSkillsAPI::test_filter_modules_by_difficulty [32mPASSED[0m[31m [ 96%][0m
test_skills_api.py::TestSkillsAPI::test_get_module_by_id [32mPASSED[0m[31m          [ 96%][0m
test_skills_api.py::TestSkillsAPI::test_update_skill_module [32mPASSED[0m[31m       [ 96%][0m
test_skills_api.py::TestSkillsAPI::test_update_module_employee_forbidden [32mPASSED[0m[31m [ 97%][0m
test_skills_api.py::TestSkillsAPI::test_enroll_in_module [32mPASSED[0m[31m          [ 97%][0m
test_skills_api.py::TestSkillsAPI::test_get_my_enrollments [32mPASSED[0m[31m        [ 97%][0m
test_skills_api.py::TestSkillsAPI::test_filter_my_enrollments_by_status [32mPASSED[0m[31m [ 98%][0m
test_skills_api.py::TestSkillsAPI::test_get_all_enrollments [32mPASSED[0m[31m       [ 98%][0m
test_skills_api.py::TestSkillsAPI::test_get_all_enrollments_employee_forbidden [32mPASSED[0m[31m [ 98%][0m
test_skills_api.py::TestSkillsAPI::test_get_skill_stats [32mPASSED[0m[31m           [ 99%][0m
test_skills_api.py::TestSkillsAPI::test_get_stats_employee_forbidden [32mPASSED[0m[31m [ 99%][0m
test_skills_api.py::TestSkillsAPI::test_delete_skill_module [32mPASSED[0m[31m       [ 99%][0m
test_skills_api.py::TestSkillsAPI::test_delete_module_employee_forbidden [32mPASSED[0m[31m [100%][0m

=================================== FAILURES ===================================
[31m[1m_______________________ TestAttendanceAPI.test_punch_out _______________________[0m
[1m[31mtest_attendance_api.py[0m:125: in test_punch_out
    assert response.status_code == 200, f"Expected 200, got {response.status_code}"
[1m[31mE   AssertionError: Expected 200, got 400[0m
[1m[31mE   assert 400 == 200[0m
[1m[31mE    +  where 400 = <Response [400]>.status_code[0m
[31m[1m___________________ TestDashboardAPI.test_get_my_performance ___________________[0m
[1m[31mtest_dashboard_api.py[0m:191: in test_get_my_performance
    assert response.status_code == 200, f"Expected 200, got {response.status_code}"
[1m[31mE   AssertionError: Expected 200, got 422[0m
[1m[31mE   assert 422 == 200[0m
[1m[31mE    +  where 422 = <Response [422]>.status_code[0m
[31m[1m____________ TestDashboardAPI.test_get_my_performance_custom_months ____________[0m
[1m[31mtest_dashboard_api.py[0m:205: in test_get_my_performance_custom_months
    assert response.status_code == 200, f"Expected 200, got {response.status_code}"
[1m[31mE   AssertionError: Expected 200, got 422[0m
[1m[31mE   assert 422 == 200[0m
[1m[31mE    +  where 422 = <Response [422]>.status_code[0m
[31m[1m________________ TestGoalsAPI.test_create_goal_manager_assigned ________________[0m
[1m[31mtest_goals_api.py[0m:97: in test_create_goal_manager_assigned
    assert response.status_code == 201, f"Expected 201, got {response.status_code}"
[1m[31mE   AssertionError: Expected 201, got 500[0m
[1m[31mE   assert 500 == 201[0m
[1m[31mE    +  where 500 = <Response [500]>.status_code[0m
[31m[1m____________________ TestGoalsAPI.test_create_personal_goal ____________________[0m
[1m[31mtest_goals_api.py[0m:140: in test_create_personal_goal
    assert response.status_code == 201, f"Expected 201, got {response.status_code}"
[1m[31mE   AssertionError: Expected 201, got 422[0m
[1m[31mE   assert 422 == 201[0m
[1m[31mE    +  where 422 = <Response [422]>.status_code[0m
[31m[1m________________________ TestGoalsAPI.test_get_my_goals ________________________[0m
[1m[31mtest_goals_api.py[0m:160: in test_get_my_goals
    assert response.status_code == 200, f"Expected 200, got {response.status_code}"
[1m[31mE   AssertionError: Expected 200, got 500[0m
[1m[31mE   assert 500 == 200[0m
[1m[31mE    +  where 500 = <Response [500]>.status_code[0m
[31m[1m_________________ TestGoalsAPI.test_filter_my_goals_by_status __________________[0m
[1m[31mtest_goals_api.py[0m:175: in test_filter_my_goals_by_status
    assert response.status_code == 200, f"Expected 200, got {response.status_code}"
[1m[31mE   AssertionError: Expected 200, got 500[0m
[1m[31mE   assert 500 == 200[0m
[1m[31mE    +  where 500 = <Response [500]>.status_code[0m
[31m[1m_______________________ TestGoalsAPI.test_get_team_goals _______________________[0m
[1m[31mtest_goals_api.py[0m:189: in test_get_team_goals
    assert response.status_code == 200, f"Expected 200, got {response.status_code}"
[1m[31mE   AssertionError: Expected 200, got 500[0m
[1m[31mE   assert 500 == 200[0m
[1m[31mE    +  where 500 = <Response [500]>.status_code[0m
[31m[1m_____________________ TestGoalsAPI.test_get_my_goal_stats ______________________[0m
[1m[31mtest_goals_api.py[0m:268: in test_get_my_goal_stats
    assert response.status_code == 200, f"Expected 200, got {response.status_code}"
[1m[31mE   AssertionError: Expected 200, got 500[0m
[1m[31mE   assert 500 == 200[0m
[1m[31mE    +  where 500 = <Response [500]>.status_code[0m
[31m[1m____________________ TestGoalsAPI.test_get_team_goal_stats _____________________[0m
[1m[31mtest_goals_api.py[0m:282: in test_get_team_goal_stats
    assert response.status_code == 200, f"Expected 200, got {response.status_code}"
[1m[31mE   AssertionError: Expected 200, got 500[0m
[1m[31mE   assert 500 == 200[0m
[1m[31mE    +  where 500 = <Response [500]>.status_code[0m
[31m[1m_______________________ TestGoalsAPI.test_get_categories _______________________[0m
[1m[31mtest_goals_api.py[0m:365: in test_get_categories
    assert response.status_code == 200, f"Expected 200, got {response.status_code}"
[1m[31mE   AssertionError: Expected 200, got 422[0m
[1m[31mE   assert 422 == 200[0m
[1m[31mE    +  where 422 = <Response [422]>.status_code[0m
[31m[1m_______________________ TestGoalsAPI.test_get_templates ________________________[0m
[1m[31mtest_goals_api.py[0m:379: in test_get_templates
    assert response.status_code == 200, f"Expected 200, got {response.status_code}"
[1m[31mE   AssertionError: Expected 200, got 422[0m
[1m[31mE   assert 422 == 200[0m
[1m[31mE    +  where 422 = <Response [422]>.status_code[0m
[31m[1m_____________________ TestProfileAPI.test_get_my_documents _____________________[0m
[1m[31mtest_profile_api.py[0m:97: in test_get_my_documents
    assert response.status_code == 200, f"Expected 200, got {response.status_code}"
[1m[31mE   AssertionError: Expected 200, got 403[0m
[1m[31mE   assert 403 == 200[0m
[1m[31mE    +  where 403 = <Response [403]>.status_code[0m
[31m[1m______________________ TestProfileAPI.test_get_my_manager ______________________[0m
[1m[31mtest_profile_api.py[0m:112: in test_get_my_manager
    assert response.status_code in [200, 404], f"Expected 200 or 404, got {response.status_code}"
[1m[31mE   AssertionError: Expected 200 or 404, got 403[0m
[1m[31mE   assert 403 in [200, 404][0m
[1m[31mE    +  where 403 = <Response [403]>.status_code[0m
[31m[1m_______________________ TestProfileAPI.test_get_my_team ________________________[0m
[1m[31mtest_profile_api.py[0m:124: in test_get_my_team
    assert response.status_code == 200, f"Expected 200, got {response.status_code}"
[1m[31mE   AssertionError: Expected 200, got 422[0m
[1m[31mE   assert 422 == 200[0m
[1m[31mE    +  where 422 = <Response [422]>.status_code[0m
[31m[1m___________________ TestProfileAPI.test_get_my_profile_stats ___________________[0m
[1m[31mtest_profile_api.py[0m:176: in test_get_my_profile_stats
    assert response.status_code == 200, f"Expected 200, got {response.status_code}"
[1m[31mE   AssertionError: Expected 200, got 403[0m
[1m[31mE   assert 403 == 200[0m
[1m[31mE    +  where 403 = <Response [403]>.status_code[0m
[31m[1m___________________ TestTeamRequestsAPI.test_submit_request ____________________[0m
[1m[31mtest_team_requests_api.py[0m:68: in test_submit_request
    assert response.status_code == 201, f"Expected 201, got {response.status_code}"
[1m[31mE   AssertionError: Expected 201, got 500[0m
[1m[31mE   assert 500 == 201[0m
[1m[31mE    +  where 500 = <Response [500]>.status_code[0m
[31m[1m___________________ TestTeamRequestsAPI.test_get_my_requests ___________________[0m
[1m[31mtest_team_requests_api.py[0m:89: in test_get_my_requests
    assert response.status_code == 200, f"Expected 200, got {response.status_code}"
[1m[31mE   AssertionError: Expected 200, got 500[0m
[1m[31mE   assert 500 == 200[0m
[1m[31mE    +  where 500 = <Response [500]>.status_code[0m
[31m[1m_____________ TestTeamRequestsAPI.test_filter_my_requests_by_type ______________[0m
[1m[31mtest_team_requests_api.py[0m:104: in test_filter_my_requests_by_type
    assert response.status_code == 200, f"Expected 200, got {response.status_code}"
[1m[31mE   AssertionError: Expected 200, got 500[0m
[1m[31mE   assert 500 == 200[0m
[1m[31mE    +  where 500 = <Response [500]>.status_code[0m
[31m[1m____________ TestTeamRequestsAPI.test_filter_my_requests_by_status _____________[0m
[1m[31mtest_team_requests_api.py[0m:118: in test_filter_my_requests_by_status
    assert response.status_code == 200, f"Expected 200, got {response.status_code}"
[1m[31mE   AssertionError: Expected 200, got 500[0m
[1m[31mE   assert 500 == 200[0m
[1m[31mE    +  where 500 = <Response [500]>.status_code[0m
[31m[1m__________________ TestTeamRequestsAPI.test_get_team_requests __________________[0m
[1m[31mtest_team_requests_api.py[0m:132: in test_get_team_requests
    assert response.status_code == 200, f"Expected 200, got {response.status_code}"
[1m[31mE   AssertionError: Expected 200, got 500[0m
[1m[31mE   assert 500 == 200[0m
[1m[31mE    +  where 500 = <Response [500]>.status_code[0m
[31m[1m__________________ TestTeamRequestsAPI.test_get_all_requests ___________________[0m
[1m[31mtest_team_requests_api.py[0m:160: in test_get_all_requests
    assert response.status_code == 200, f"Expected 200, got {response.status_code}"
[1m[31mE   AssertionError: Expected 200, got 500[0m
[1m[31mE   assert 500 == 200[0m
[1m[31mE    +  where 500 = <Response [500]>.status_code[0m
[31m[1m_________________ TestTeamRequestsAPI.test_search_all_requests _________________[0m
[1m[31mtest_team_requests_api.py[0m:188: in test_search_all_requests
    assert response.status_code == 200, f"Expected 200, got {response.status_code}"
[1m[31mE   AssertionError: Expected 200, got 500[0m
[1m[31mE   assert 500 == 200[0m
[1m[31mE    +  where 500 = <Response [500]>.status_code[0m
[31m[1m_______________ TestTeamRequestsAPI.test_get_request_statistics ________________[0m
[1m[31mtest_team_requests_api.py[0m:334: in test_get_request_statistics
    assert response.status_code == 200, f"Expected 200, got {response.status_code}"
[1m[31mE   AssertionError: Expected 200, got 500[0m
[1m[31mE   assert 500 == 200[0m
[1m[31mE    +  where 500 = <Response [500]>.status_code[0m
[36m[1m=========================== short test summary info ============================[0m
[33mSKIPPED[0m [1] test_employees_api.py:387: Could not create employee for deactivation test
[33mSKIPPED[0m [1] test_employees_api.py:420: Could not create employee for delete test
[33mSKIPPED[0m [1] test_goals_api.py:210: Employee token or goal not available (database not seeded)
[33mSKIPPED[0m [1] test_goals_api.py:224: Manager token or goal not available (database not seeded)
[33mSKIPPED[0m [1] test_goals_api.py:244: Employee token or goal not available (database not seeded)
[33mSKIPPED[0m [1] test_goals_api.py:302: Employee token or goal not available (database not seeded)
[33mSKIPPED[0m [1] test_goals_api.py:323: Employee token or goal not available (database not seeded)
[33mSKIPPED[0m [1] test_goals_api.py:344: Employee token or goal not available (database not seeded)
[33mSKIPPED[0m [1] test_goals_api.py:413: Could not create goal for delete test
[33mSKIPPED[0m [1] test_leaves_api.py:282: Could not create leave for approval test
[33mSKIPPED[0m [1] test_team_requests_api.py:195: Employee token or request not available (database not seeded)
[33mSKIPPED[0m [1] test_team_requests_api.py:209: Employee token or request not available (database not seeded)
[33mSKIPPED[0m [1] test_team_requests_api.py:244: Could not create request for approval test
[33mSKIPPED[0m [1] test_team_requests_api.py:288: Could not create request for rejection test
[33mSKIPPED[0m [1] test_team_requests_api.py:312: Employee token or request not available (database not seeded)
[33mSKIPPED[0m [1] test_team_requests_api.py:356: Could not create request for delete test
[31mFAILED[0m test_attendance_api.py::[1mTestAttendanceAPI::test_punch_out[0m - AssertionError: Expected 200, got 400
[31mFAILED[0m test_dashboard_api.py::[1mTestDashboardAPI::test_get_my_performance[0m - AssertionError: Expected 200, got 422
[31mFAILED[0m test_dashboard_api.py::[1mTestDashboardAPI::test_get_my_performance_custom_months[0m - AssertionError: Expected 200, got 422
[31mFAILED[0m test_goals_api.py::[1mTestGoalsAPI::test_create_goal_manager_assigned[0m - AssertionError: Expected 201, got 500
[31mFAILED[0m test_goals_api.py::[1mTestGoalsAPI::test_create_personal_goal[0m - AssertionError: Expected 201, got 422
[31mFAILED[0m test_goals_api.py::[1mTestGoalsAPI::test_get_my_goals[0m - AssertionError: Expected 200, got 500
[31mFAILED[0m test_goals_api.py::[1mTestGoalsAPI::test_filter_my_goals_by_status[0m - AssertionError: Expected 200, got 500
[31mFAILED[0m test_goals_api.py::[1mTestGoalsAPI::test_get_team_goals[0m - AssertionError: Expected 200, got 500
[31mFAILED[0m test_goals_api.py::[1mTestGoalsAPI::test_get_my_goal_stats[0m - AssertionError: Expected 200, got 500
[31mFAILED[0m test_goals_api.py::[1mTestGoalsAPI::test_get_team_goal_stats[0m - AssertionError: Expected 200, got 500
[31mFAILED[0m test_goals_api.py::[1mTestGoalsAPI::test_get_categories[0m - AssertionError: Expected 200, got 422
[31mFAILED[0m test_goals_api.py::[1mTestGoalsAPI::test_get_templates[0m - AssertionError: Expected 200, got 422
[31mFAILED[0m test_profile_api.py::[1mTestProfileAPI::test_get_my_documents[0m - AssertionError: Expected 200, got 403
[31mFAILED[0m test_profile_api.py::[1mTestProfileAPI::test_get_my_manager[0m - AssertionError: Expected 200 or 404, got 403
[31mFAILED[0m test_profile_api.py::[1mTestProfileAPI::test_get_my_team[0m - AssertionError: Expected 200, got 422
[31mFAILED[0m test_profile_api.py::[1mTestProfileAPI::test_get_my_profile_stats[0m - AssertionError: Expected 200, got 403
[31mFAILED[0m test_team_requests_api.py::[1mTestTeamRequestsAPI::test_submit_request[0m - AssertionError: Expected 201, got 500
[31mFAILED[0m test_team_requests_api.py::[1mTestTeamRequestsAPI::test_get_my_requests[0m - AssertionError: Expected 200, got 500
[31mFAILED[0m test_team_requests_api.py::[1mTestTeamRequestsAPI::test_filter_my_requests_by_type[0m - AssertionError: Expected 200, got 500
[31mFAILED[0m test_team_requests_api.py::[1mTestTeamRequestsAPI::test_filter_my_requests_by_status[0m - AssertionError: Expected 200, got 500
[31mFAILED[0m test_team_requests_api.py::[1mTestTeamRequestsAPI::test_get_team_requests[0m - AssertionError: Expected 200, got 500
[31mFAILED[0m test_team_requests_api.py::[1mTestTeamRequestsAPI::test_get_all_requests[0m - AssertionError: Expected 200, got 500
[31mFAILED[0m test_team_requests_api.py::[1mTestTeamRequestsAPI::test_search_all_requests[0m - AssertionError: Expected 200, got 500
[31mFAILED[0m test_team_requests_api.py::[1mTestTeamRequestsAPI::test_get_request_statistics[0m - AssertionError: Expected 200, got 500
[31m================= [31m[1m24 failed[0m, [32m262 passed[0m, [33m16 skipped[0m[31m in 21.07s[0m[31m ==================[0m

======================================================================
Test report saved to: /Users/harshrohitshah/WebstormProjects/soft-engg-project-sep-2025-se-SEP-11/test_reports/2025-11-26T20:41:15.txt
======================================================================
